<?xml version="1.0" encoding="UTF-8"?>
<testng-results ignored="0" total="41" passed="19" failed="21" skipped="1">
  <reporter-output>
  </reporter-output>
  <suite started-at="2023-01-11T05:00:23 EST" name="BankingDomain" finished-at="2023-01-11T05:06:44 EST" duration-ms="380687">
    <groups>
      <group name="LogInSuccess">
        <method signature="LoginTest.Login_valid(java.lang.String,java.lang.String)[pri:0, instance:testLayer.LoginTest@18df8434]" name="Login_valid" class="testLayer.LoginTest"/>
      </group> <!-- LogInSuccess -->
    </groups>
    <test started-at="2023-01-11T05:00:23 EST" name="Test1" finished-at="2023-01-11T05:06:44 EST" duration-ms="380687">
      <class name="testLayer.LoginTest">
        <test-method is-config="true" signature="initsetup()[pri:0, instance:testLayer.LoginTest@18df8434]" started-at="2023-01-11T05:00:40 EST" name="initsetup" finished-at="2023-01-11T05:00:41 EST" duration-ms="1782" status="PASS">
          <reporter-output>
          </reporter-output>
        </test-method> <!-- initsetup -->
        <test-method signature="Login_InvalidEmptyInput()[pri:0, instance:testLayer.LoginTest@18df8434]" started-at="2023-01-11T05:00:41 EST" name="Login_InvalidEmptyInput" finished-at="2023-01-11T05:00:44 EST" duration-ms="2626" status="PASS">
          <reporter-output>
          </reporter-output>
        </test-method> <!-- Login_InvalidEmptyInput -->
        <test-method is-config="true" signature="close()[pri:0, instance:testLayer.LoginTest@18df8434]" started-at="2023-01-11T05:00:44 EST" name="close" finished-at="2023-01-11T05:00:44 EST" duration-ms="145" status="PASS">
          <reporter-output>
          </reporter-output>
        </test-method> <!-- close -->
        <test-method is-config="true" signature="initsetup()[pri:0, instance:testLayer.LoginTest@18df8434]" started-at="2023-01-11T05:00:44 EST" name="initsetup" finished-at="2023-01-11T05:00:46 EST" duration-ms="1836" status="PASS">
          <reporter-output>
          </reporter-output>
        </test-method> <!-- initsetup -->
        <test-method signature="Login_InvalidPassword(java.lang.String,java.lang.String)[pri:0, instance:testLayer.LoginTest@18df8434]" started-at="2023-01-11T05:00:46 EST" name="Login_InvalidPassword" data-provider="Details1" finished-at="2023-01-11T05:00:49 EST" duration-ms="2499" status="FAIL">
          <params>
            <param index="0">
              <value>
                <![CDATA[user ]]>
              </value>
            </param>
            <param index="1">
              <value>
                <![CDATA[Pass1234]]>
              </value>
            </param>
          </params>
          <exception class="java.lang.AssertionError">
            <message>
              <![CDATA[expected [The username and password could not be verified.] but found [An internal error has occurred and has been logged.]]]>
            </message>
            <full-stacktrace>
              <![CDATA[java.lang.AssertionError: expected [The username and password could not be verified.] but found [An internal error has occurred and has been logged.]
at org.testng.Assert.fail(Assert.java:99)
at org.testng.Assert.failNotEquals(Assert.java:1037)
at org.testng.Assert.assertEqualsImpl(Assert.java:140)
at org.testng.Assert.assertEquals(Assert.java:122)
at org.testng.Assert.assertEquals(Assert.java:629)
at org.testng.Assert.assertEquals(Assert.java:639)
at testLayer.LoginTest.Login_InvalidPassword(LoginTest.java:84)
at java.base/jdk.internal.reflect.NativeMethodAccessorImpl.invoke0(Native Method)
at java.base/jdk.internal.reflect.NativeMethodAccessorImpl.invoke(NativeMethodAccessorImpl.java:77)
at java.base/jdk.internal.reflect.DelegatingMethodAccessorImpl.invoke(DelegatingMethodAccessorImpl.java:43)
at java.base/java.lang.reflect.Method.invoke(Method.java:568)
at org.testng.internal.MethodInvocationHelper.invokeMethod(MethodInvocationHelper.java:133)
at org.testng.internal.TestInvoker.invokeMethod(TestInvoker.java:598)
at org.testng.internal.TestInvoker.invokeTestMethod(TestInvoker.java:173)
at org.testng.internal.MethodRunner.runInSequence(MethodRunner.java:46)
at org.testng.internal.TestInvoker$MethodInvocationAgent.invoke(TestInvoker.java:824)
at org.testng.internal.TestInvoker.invokeTestMethods(TestInvoker.java:146)
at org.testng.internal.TestMethodWorker.invokeTestMethods(TestMethodWorker.java:146)
at org.testng.internal.TestMethodWorker.run(TestMethodWorker.java:128)
at java.base/java.util.ArrayList.forEach(ArrayList.java:1511)
at org.testng.TestRunner.privateRun(TestRunner.java:794)
at org.testng.TestRunner.run(TestRunner.java:596)
at org.testng.SuiteRunner.runTest(SuiteRunner.java:377)
at org.testng.SuiteRunner.access$000(SuiteRunner.java:28)
at org.testng.SuiteRunner$SuiteWorker.run(SuiteRunner.java:418)
at org.testng.internal.thread.ThreadUtil.lambda$execute$0(ThreadUtil.java:64)
at java.base/java.util.concurrent.FutureTask.run(FutureTask.java:264)
at java.base/java.util.concurrent.ThreadPoolExecutor.runWorker(ThreadPoolExecutor.java:1136)
at java.base/java.util.concurrent.ThreadPoolExecutor$Worker.run(ThreadPoolExecutor.java:635)
at java.base/java.lang.Thread.run(Thread.java:833)
]]>
            </full-stacktrace>
          </exception> <!-- java.lang.AssertionError -->
          <reporter-output>
          </reporter-output>
        </test-method> <!-- Login_InvalidPassword -->
        <test-method is-config="true" signature="close()[pri:0, instance:testLayer.LoginTest@18df8434]" started-at="2023-01-11T05:00:49 EST" name="close" finished-at="2023-01-11T05:00:49 EST" duration-ms="124" status="PASS">
          <reporter-output>
          </reporter-output>
        </test-method> <!-- close -->
        <test-method is-config="true" signature="initsetup()[pri:0, instance:testLayer.LoginTest@18df8434]" started-at="2023-01-11T05:00:49 EST" name="initsetup" finished-at="2023-01-11T05:00:51 EST" duration-ms="1730" status="PASS">
          <reporter-output>
          </reporter-output>
        </test-method> <!-- initsetup -->
        <test-method signature="Login_InvalidUnregisteredIdpass(java.lang.String,java.lang.String)[pri:0, instance:testLayer.LoginTest@18df8434]" started-at="2023-01-11T05:00:51 EST" name="Login_InvalidUnregisteredIdpass" data-provider="Details2" finished-at="2023-01-11T05:00:53 EST" duration-ms="2529" status="FAIL">
          <params>
            <param index="0">
              <value>
                <![CDATA[User12345]]>
              </value>
            </param>
            <param index="1">
              <value>
                <![CDATA[pass12345]]>
              </value>
            </param>
          </params>
          <exception class="java.lang.AssertionError">
            <message>
              <![CDATA[expected [The username and password could not be verified.] but found [An internal error has occurred and has been logged.]]]>
            </message>
            <full-stacktrace>
              <![CDATA[java.lang.AssertionError: expected [The username and password could not be verified.] but found [An internal error has occurred and has been logged.]
at org.testng.Assert.fail(Assert.java:99)
at org.testng.Assert.failNotEquals(Assert.java:1037)
at org.testng.Assert.assertEqualsImpl(Assert.java:140)
at org.testng.Assert.assertEquals(Assert.java:122)
at org.testng.Assert.assertEquals(Assert.java:629)
at org.testng.Assert.assertEquals(Assert.java:639)
at testLayer.LoginTest.Login_InvalidUnregisteredIdpass(LoginTest.java:95)
at java.base/jdk.internal.reflect.NativeMethodAccessorImpl.invoke0(Native Method)
at java.base/jdk.internal.reflect.NativeMethodAccessorImpl.invoke(NativeMethodAccessorImpl.java:77)
at java.base/jdk.internal.reflect.DelegatingMethodAccessorImpl.invoke(DelegatingMethodAccessorImpl.java:43)
at java.base/java.lang.reflect.Method.invoke(Method.java:568)
at org.testng.internal.MethodInvocationHelper.invokeMethod(MethodInvocationHelper.java:133)
at org.testng.internal.TestInvoker.invokeMethod(TestInvoker.java:598)
at org.testng.internal.TestInvoker.invokeTestMethod(TestInvoker.java:173)
at org.testng.internal.MethodRunner.runInSequence(MethodRunner.java:46)
at org.testng.internal.TestInvoker$MethodInvocationAgent.invoke(TestInvoker.java:824)
at org.testng.internal.TestInvoker.invokeTestMethods(TestInvoker.java:146)
at org.testng.internal.TestMethodWorker.invokeTestMethods(TestMethodWorker.java:146)
at org.testng.internal.TestMethodWorker.run(TestMethodWorker.java:128)
at java.base/java.util.ArrayList.forEach(ArrayList.java:1511)
at org.testng.TestRunner.privateRun(TestRunner.java:794)
at org.testng.TestRunner.run(TestRunner.java:596)
at org.testng.SuiteRunner.runTest(SuiteRunner.java:377)
at org.testng.SuiteRunner.access$000(SuiteRunner.java:28)
at org.testng.SuiteRunner$SuiteWorker.run(SuiteRunner.java:418)
at org.testng.internal.thread.ThreadUtil.lambda$execute$0(ThreadUtil.java:64)
at java.base/java.util.concurrent.FutureTask.run(FutureTask.java:264)
at java.base/java.util.concurrent.ThreadPoolExecutor.runWorker(ThreadPoolExecutor.java:1136)
at java.base/java.util.concurrent.ThreadPoolExecutor$Worker.run(ThreadPoolExecutor.java:635)
at java.base/java.lang.Thread.run(Thread.java:833)
]]>
            </full-stacktrace>
          </exception> <!-- java.lang.AssertionError -->
          <reporter-output>
          </reporter-output>
        </test-method> <!-- Login_InvalidUnregisteredIdpass -->
        <test-method is-config="true" signature="close()[pri:0, instance:testLayer.LoginTest@18df8434]" started-at="2023-01-11T05:00:53 EST" name="close" finished-at="2023-01-11T05:00:53 EST" duration-ms="192" status="PASS">
          <reporter-output>
          </reporter-output>
        </test-method> <!-- close -->
        <test-method is-config="true" signature="initsetup()[pri:0, instance:testLayer.LoginTest@18df8434]" started-at="2023-01-11T05:00:53 EST" name="initsetup" finished-at="2023-01-11T05:00:55 EST" duration-ms="1719" status="PASS">
          <reporter-output>
          </reporter-output>
        </test-method> <!-- initsetup -->
        <test-method signature="Login_valid(java.lang.String,java.lang.String)[pri:0, instance:testLayer.LoginTest@18df8434]" started-at="2023-01-11T05:00:55 EST" name="Login_valid" data-provider="Details" finished-at="2023-01-11T05:01:00 EST" duration-ms="4746" status="PASS">
          <params>
            <param index="0">
              <value>
                <![CDATA[User]]>
              </value>
            </param>
            <param index="1">
              <value>
                <![CDATA[pass1234]]>
              </value>
            </param>
          </params>
          <reporter-output>
          </reporter-output>
        </test-method> <!-- Login_valid -->
        <test-method is-config="true" signature="close()[pri:0, instance:testLayer.LoginTest@18df8434]" started-at="2023-01-11T05:01:00 EST" name="close" finished-at="2023-01-11T05:01:00 EST" duration-ms="138" status="PASS">
          <reporter-output>
          </reporter-output>
        </test-method> <!-- close -->
      </class> <!-- testLayer.LoginTest -->
      <class name="testLayer.UpdateContactInfoTest">
        <test-method is-config="true" signature="initsetup()[pri:0, instance:testLayer.UpdateContactInfoTest@38cee291]" started-at="2023-01-11T05:01:10 EST" name="initsetup" finished-at="2023-01-11T05:01:11 EST" duration-ms="1737" status="PASS">
          <reporter-output>
          </reporter-output>
        </test-method> <!-- initsetup -->
        <test-method signature="UpdateContactInfo_Updatedata(java.lang.String,java.lang.String,java.lang.String,java.lang.String,java.lang.String,java.lang.String,java.lang.String,java.lang.String,java.lang.String,java.lang.String,java.lang.String)[pri:0, instance:testLayer.UpdateContactInfoTest@38cee291]" started-at="2023-01-11T05:01:11 EST" name="UpdateContactInfo_Updatedata" data-provider="Details" finished-at="2023-01-11T05:01:36 EST" duration-ms="24838" status="FAIL">
          <params>
            <param index="0">
              <value>
                <![CDATA[Khushi]]>
              </value>
            </param>
            <param index="1">
              <value>
                <![CDATA[khushi]]>
              </value>
            </param>
            <param index="2">
              <value>
                <![CDATA[123 main street]]>
              </value>
            </param>
            <param index="3">
              <value>
                <![CDATA[Hamilton]]>
              </value>
            </param>
            <param index="4">
              <value>
                <![CDATA[ON]]>
              </value>
            </param>
            <param index="5">
              <value>
                <![CDATA[123456.0]]>
              </value>
            </param>
            <param index="6">
              <value>
                <![CDATA[1.23456789E9]]>
              </value>
            </param>
            <param index="7">
              <value>
                <![CDATA[123 456 789]]>
              </value>
            </param>
            <param index="8">
              <value>
                <![CDATA[User]]>
              </value>
            </param>
            <param index="9">
              <value>
                <![CDATA[pass1234]]>
              </value>
            </param>
            <param index="10">
              <value>
                <![CDATA[pass1234]]>
              </value>
            </param>
          </params>
          <exception class="org.openqa.selenium.NoSuchElementException">
            <message>
              <![CDATA[no such element: Unable to locate element: {"method":"link text","selector":"Update Contact Info"}
  (Session info: chrome=108.0.5359.125)
For documentation on this error, please visit: https://selenium.dev/exceptions/#no_such_element
Build info: version: '4.4.0', revision: 'e5c75ed026a'
System info: host: 'DESKTOP-15S6U3P', ip: '192.168.18.1', os.name: 'Windows 11', os.arch: 'amd64', os.version: '10.0', java.version: '17.0.5'
Driver info: org.openqa.selenium.chrome.ChromeDriver
Command: [3ce63bc78740609f4ab6510ca8fdcdc5, findElement {using=link text, value=Update Contact Info}]
Capabilities {acceptInsecureCerts: false, browserName: chrome, browserVersion: 108.0.5359.125, chrome: {chromedriverVersion: 107.0.5304.62 (1eec40d3a576..., userDataDir: C:\Users\khush\AppData\Loca...}, goog:chromeOptions: {debuggerAddress: localhost:49735}, networkConnectionEnabled: false, pageLoadStrategy: normal, platformName: WINDOWS, proxy: Proxy(), se:cdp: ws://localhost:49735/devtoo..., se:cdpVersion: 108.0.5359.125, setWindowRect: true, strictFileInteractability: false, timeouts: {implicit: 0, pageLoad: 300000, script: 30000}, unhandledPromptBehavior: dismiss and notify, webauthn:extension:credBlob: true, webauthn:extension:largeBlob: true, webauthn:virtualAuthenticators: true}
Session ID: 3ce63bc78740609f4ab6510ca8fdcdc5]]>
            </message>
            <full-stacktrace>
              <![CDATA[org.openqa.selenium.NoSuchElementException: no such element: Unable to locate element: {"method":"link text","selector":"Update Contact Info"}
  (Session info: chrome=108.0.5359.125)
For documentation on this error, please visit: https://selenium.dev/exceptions/#no_such_element
Build info: version: '4.4.0', revision: 'e5c75ed026a'
System info: host: 'DESKTOP-15S6U3P', ip: '192.168.18.1', os.name: 'Windows 11', os.arch: 'amd64', os.version: '10.0', java.version: '17.0.5'
Driver info: org.openqa.selenium.chrome.ChromeDriver
Command: [3ce63bc78740609f4ab6510ca8fdcdc5, findElement {using=link text, value=Update Contact Info}]
Capabilities {acceptInsecureCerts: false, browserName: chrome, browserVersion: 108.0.5359.125, chrome: {chromedriverVersion: 107.0.5304.62 (1eec40d3a576..., userDataDir: C:\Users\khush\AppData\Loca...}, goog:chromeOptions: {debuggerAddress: localhost:49735}, networkConnectionEnabled: false, pageLoadStrategy: normal, platformName: WINDOWS, proxy: Proxy(), se:cdp: ws://localhost:49735/devtoo..., se:cdpVersion: 108.0.5359.125, setWindowRect: true, strictFileInteractability: false, timeouts: {implicit: 0, pageLoad: 300000, script: 30000}, unhandledPromptBehavior: dismiss and notify, webauthn:extension:credBlob: true, webauthn:extension:largeBlob: true, webauthn:virtualAuthenticators: true}
Session ID: 3ce63bc78740609f4ab6510ca8fdcdc5
at java.base/jdk.internal.reflect.NativeConstructorAccessorImpl.newInstance0(Native Method)
at java.base/jdk.internal.reflect.NativeConstructorAccessorImpl.newInstance(NativeConstructorAccessorImpl.java:77)
at java.base/jdk.internal.reflect.DelegatingConstructorAccessorImpl.newInstance(DelegatingConstructorAccessorImpl.java:45)
at java.base/java.lang.reflect.Constructor.newInstanceWithCaller(Constructor.java:499)
at java.base/java.lang.reflect.Constructor.newInstance(Constructor.java:480)
at org.openqa.selenium.remote.codec.w3c.W3CHttpResponseCodec.createException(W3CHttpResponseCodec.java:200)
at org.openqa.selenium.remote.codec.w3c.W3CHttpResponseCodec.decode(W3CHttpResponseCodec.java:133)
at org.openqa.selenium.remote.codec.w3c.W3CHttpResponseCodec.decode(W3CHttpResponseCodec.java:53)
at org.openqa.selenium.remote.HttpCommandExecutor.execute(HttpCommandExecutor.java:184)
at org.openqa.selenium.remote.service.DriverCommandExecutor.invokeExecute(DriverCommandExecutor.java:167)
at org.openqa.selenium.remote.service.DriverCommandExecutor.execute(DriverCommandExecutor.java:142)
at org.openqa.selenium.remote.RemoteWebDriver.execute(RemoteWebDriver.java:547)
at org.openqa.selenium.remote.ElementLocation$ElementFinder$2.findElement(ElementLocation.java:162)
at org.openqa.selenium.remote.ElementLocation.findElement(ElementLocation.java:60)
at org.openqa.selenium.remote.RemoteWebDriver.findElement(RemoteWebDriver.java:365)
at org.openqa.selenium.remote.RemoteWebDriver.findElement(RemoteWebDriver.java:357)
at pomPackage.PomUpdateContactInfo.clickupdateinfolink(PomUpdateContactInfo.java:16)
at testLayer.UpdateContactInfoTest.UpdateContactInfo_Updatedata(UpdateContactInfoTest.java:86)
at java.base/jdk.internal.reflect.NativeMethodAccessorImpl.invoke0(Native Method)
at java.base/jdk.internal.reflect.NativeMethodAccessorImpl.invoke(NativeMethodAccessorImpl.java:77)
at java.base/jdk.internal.reflect.DelegatingMethodAccessorImpl.invoke(DelegatingMethodAccessorImpl.java:43)
at java.base/java.lang.reflect.Method.invoke(Method.java:568)
at org.testng.internal.MethodInvocationHelper.invokeMethod(MethodInvocationHelper.java:133)
at org.testng.internal.TestInvoker.invokeMethod(TestInvoker.java:598)
at org.testng.internal.TestInvoker.invokeTestMethod(TestInvoker.java:173)
at org.testng.internal.MethodRunner.runInSequence(MethodRunner.java:46)
at org.testng.internal.TestInvoker$MethodInvocationAgent.invoke(TestInvoker.java:824)
at org.testng.internal.TestInvoker.invokeTestMethods(TestInvoker.java:146)
at org.testng.internal.TestMethodWorker.invokeTestMethods(TestMethodWorker.java:146)
at org.testng.internal.TestMethodWorker.run(TestMethodWorker.java:128)
at java.base/java.util.ArrayList.forEach(ArrayList.java:1511)
at org.testng.TestRunner.privateRun(TestRunner.java:794)
at org.testng.TestRunner.run(TestRunner.java:596)
at org.testng.SuiteRunner.runTest(SuiteRunner.java:377)
at org.testng.SuiteRunner.access$000(SuiteRunner.java:28)
at org.testng.SuiteRunner$SuiteWorker.run(SuiteRunner.java:418)
at org.testng.internal.thread.ThreadUtil.lambda$execute$0(ThreadUtil.java:64)
at java.base/java.util.concurrent.FutureTask.run(FutureTask.java:264)
at java.base/java.util.concurrent.ThreadPoolExecutor.runWorker(ThreadPoolExecutor.java:1136)
at java.base/java.util.concurrent.ThreadPoolExecutor$Worker.run(ThreadPoolExecutor.java:635)
at java.base/java.lang.Thread.run(Thread.java:833)
]]>
            </full-stacktrace>
          </exception> <!-- org.openqa.selenium.NoSuchElementException -->
          <reporter-output>
          </reporter-output>
        </test-method> <!-- UpdateContactInfo_Updatedata -->
        <test-method is-config="true" signature="after()[pri:0, instance:testLayer.UpdateContactInfoTest@38cee291]" started-at="2023-01-11T05:01:36 EST" name="after" finished-at="2023-01-11T05:01:36 EST" duration-ms="162" status="PASS">
          <reporter-output>
          </reporter-output>
        </test-method> <!-- after -->
        <test-method is-config="true" signature="initsetup()[pri:0, instance:testLayer.UpdateContactInfoTest@38cee291]" started-at="2023-01-11T05:01:36 EST" name="initsetup" finished-at="2023-01-11T05:01:38 EST" duration-ms="1766" status="PASS">
          <reporter-output>
          </reporter-output>
        </test-method> <!-- initsetup -->
        <test-method signature="UpdateContactInfo_Verifypopulatedata(java.lang.String,java.lang.String,java.lang.String,java.lang.String,java.lang.String,java.lang.String,java.lang.String,java.lang.String,java.lang.String,java.lang.String,java.lang.String)[pri:0, instance:testLayer.UpdateContactInfoTest@38cee291]" started-at="2023-01-11T05:01:38 EST" name="UpdateContactInfo_Verifypopulatedata" data-provider="Details" finished-at="2023-01-11T05:02:03 EST" duration-ms="24559" status="FAIL">
          <params>
            <param index="0">
              <value>
                <![CDATA[Khushi]]>
              </value>
            </param>
            <param index="1">
              <value>
                <![CDATA[khushi]]>
              </value>
            </param>
            <param index="2">
              <value>
                <![CDATA[123 main street]]>
              </value>
            </param>
            <param index="3">
              <value>
                <![CDATA[Hamilton]]>
              </value>
            </param>
            <param index="4">
              <value>
                <![CDATA[ON]]>
              </value>
            </param>
            <param index="5">
              <value>
                <![CDATA[123456.0]]>
              </value>
            </param>
            <param index="6">
              <value>
                <![CDATA[1.23456789E9]]>
              </value>
            </param>
            <param index="7">
              <value>
                <![CDATA[123 456 789]]>
              </value>
            </param>
            <param index="8">
              <value>
                <![CDATA[User]]>
              </value>
            </param>
            <param index="9">
              <value>
                <![CDATA[pass1234]]>
              </value>
            </param>
            <param index="10">
              <value>
                <![CDATA[pass1234]]>
              </value>
            </param>
          </params>
          <exception class="org.openqa.selenium.NoSuchElementException">
            <message>
              <![CDATA[no such element: Unable to locate element: {"method":"link text","selector":"Update Contact Info"}
  (Session info: chrome=108.0.5359.125)
For documentation on this error, please visit: https://selenium.dev/exceptions/#no_such_element
Build info: version: '4.4.0', revision: 'e5c75ed026a'
System info: host: 'DESKTOP-15S6U3P', ip: '192.168.18.1', os.name: 'Windows 11', os.arch: 'amd64', os.version: '10.0', java.version: '17.0.5'
Driver info: org.openqa.selenium.chrome.ChromeDriver
Command: [1efecaed0ea959935452c9a1528ca5a8, findElement {using=link text, value=Update Contact Info}]
Capabilities {acceptInsecureCerts: false, browserName: chrome, browserVersion: 108.0.5359.125, chrome: {chromedriverVersion: 107.0.5304.62 (1eec40d3a576..., userDataDir: C:\Users\khush\AppData\Loca...}, goog:chromeOptions: {debuggerAddress: localhost:49812}, networkConnectionEnabled: false, pageLoadStrategy: normal, platformName: WINDOWS, proxy: Proxy(), se:cdp: ws://localhost:49812/devtoo..., se:cdpVersion: 108.0.5359.125, setWindowRect: true, strictFileInteractability: false, timeouts: {implicit: 0, pageLoad: 300000, script: 30000}, unhandledPromptBehavior: dismiss and notify, webauthn:extension:credBlob: true, webauthn:extension:largeBlob: true, webauthn:virtualAuthenticators: true}
Session ID: 1efecaed0ea959935452c9a1528ca5a8]]>
            </message>
            <full-stacktrace>
              <![CDATA[org.openqa.selenium.NoSuchElementException: no such element: Unable to locate element: {"method":"link text","selector":"Update Contact Info"}
  (Session info: chrome=108.0.5359.125)
For documentation on this error, please visit: https://selenium.dev/exceptions/#no_such_element
Build info: version: '4.4.0', revision: 'e5c75ed026a'
System info: host: 'DESKTOP-15S6U3P', ip: '192.168.18.1', os.name: 'Windows 11', os.arch: 'amd64', os.version: '10.0', java.version: '17.0.5'
Driver info: org.openqa.selenium.chrome.ChromeDriver
Command: [1efecaed0ea959935452c9a1528ca5a8, findElement {using=link text, value=Update Contact Info}]
Capabilities {acceptInsecureCerts: false, browserName: chrome, browserVersion: 108.0.5359.125, chrome: {chromedriverVersion: 107.0.5304.62 (1eec40d3a576..., userDataDir: C:\Users\khush\AppData\Loca...}, goog:chromeOptions: {debuggerAddress: localhost:49812}, networkConnectionEnabled: false, pageLoadStrategy: normal, platformName: WINDOWS, proxy: Proxy(), se:cdp: ws://localhost:49812/devtoo..., se:cdpVersion: 108.0.5359.125, setWindowRect: true, strictFileInteractability: false, timeouts: {implicit: 0, pageLoad: 300000, script: 30000}, unhandledPromptBehavior: dismiss and notify, webauthn:extension:credBlob: true, webauthn:extension:largeBlob: true, webauthn:virtualAuthenticators: true}
Session ID: 1efecaed0ea959935452c9a1528ca5a8
at java.base/jdk.internal.reflect.NativeConstructorAccessorImpl.newInstance0(Native Method)
at java.base/jdk.internal.reflect.NativeConstructorAccessorImpl.newInstance(NativeConstructorAccessorImpl.java:77)
at java.base/jdk.internal.reflect.DelegatingConstructorAccessorImpl.newInstance(DelegatingConstructorAccessorImpl.java:45)
at java.base/java.lang.reflect.Constructor.newInstanceWithCaller(Constructor.java:499)
at java.base/java.lang.reflect.Constructor.newInstance(Constructor.java:480)
at org.openqa.selenium.remote.codec.w3c.W3CHttpResponseCodec.createException(W3CHttpResponseCodec.java:200)
at org.openqa.selenium.remote.codec.w3c.W3CHttpResponseCodec.decode(W3CHttpResponseCodec.java:133)
at org.openqa.selenium.remote.codec.w3c.W3CHttpResponseCodec.decode(W3CHttpResponseCodec.java:53)
at org.openqa.selenium.remote.HttpCommandExecutor.execute(HttpCommandExecutor.java:184)
at org.openqa.selenium.remote.service.DriverCommandExecutor.invokeExecute(DriverCommandExecutor.java:167)
at org.openqa.selenium.remote.service.DriverCommandExecutor.execute(DriverCommandExecutor.java:142)
at org.openqa.selenium.remote.RemoteWebDriver.execute(RemoteWebDriver.java:547)
at org.openqa.selenium.remote.ElementLocation$ElementFinder$2.findElement(ElementLocation.java:162)
at org.openqa.selenium.remote.ElementLocation.findElement(ElementLocation.java:60)
at org.openqa.selenium.remote.RemoteWebDriver.findElement(RemoteWebDriver.java:365)
at org.openqa.selenium.remote.RemoteWebDriver.findElement(RemoteWebDriver.java:357)
at pomPackage.PomUpdateContactInfo.clickupdateinfolink(PomUpdateContactInfo.java:16)
at testLayer.UpdateContactInfoTest.UpdateContactInfo_Verifypopulatedata(UpdateContactInfoTest.java:58)
at java.base/jdk.internal.reflect.NativeMethodAccessorImpl.invoke0(Native Method)
at java.base/jdk.internal.reflect.NativeMethodAccessorImpl.invoke(NativeMethodAccessorImpl.java:77)
at java.base/jdk.internal.reflect.DelegatingMethodAccessorImpl.invoke(DelegatingMethodAccessorImpl.java:43)
at java.base/java.lang.reflect.Method.invoke(Method.java:568)
at org.testng.internal.MethodInvocationHelper.invokeMethod(MethodInvocationHelper.java:133)
at org.testng.internal.TestInvoker.invokeMethod(TestInvoker.java:598)
at org.testng.internal.TestInvoker.invokeTestMethod(TestInvoker.java:173)
at org.testng.internal.MethodRunner.runInSequence(MethodRunner.java:46)
at org.testng.internal.TestInvoker$MethodInvocationAgent.invoke(TestInvoker.java:824)
at org.testng.internal.TestInvoker.invokeTestMethods(TestInvoker.java:146)
at org.testng.internal.TestMethodWorker.invokeTestMethods(TestMethodWorker.java:146)
at org.testng.internal.TestMethodWorker.run(TestMethodWorker.java:128)
at java.base/java.util.ArrayList.forEach(ArrayList.java:1511)
at org.testng.TestRunner.privateRun(TestRunner.java:794)
at org.testng.TestRunner.run(TestRunner.java:596)
at org.testng.SuiteRunner.runTest(SuiteRunner.java:377)
at org.testng.SuiteRunner.access$000(SuiteRunner.java:28)
at org.testng.SuiteRunner$SuiteWorker.run(SuiteRunner.java:418)
at org.testng.internal.thread.ThreadUtil.lambda$execute$0(ThreadUtil.java:64)
at java.base/java.util.concurrent.FutureTask.run(FutureTask.java:264)
at java.base/java.util.concurrent.ThreadPoolExecutor.runWorker(ThreadPoolExecutor.java:1136)
at java.base/java.util.concurrent.ThreadPoolExecutor$Worker.run(ThreadPoolExecutor.java:635)
at java.base/java.lang.Thread.run(Thread.java:833)
]]>
            </full-stacktrace>
          </exception> <!-- org.openqa.selenium.NoSuchElementException -->
          <reporter-output>
          </reporter-output>
        </test-method> <!-- UpdateContactInfo_Verifypopulatedata -->
        <test-method is-config="true" signature="after()[pri:0, instance:testLayer.UpdateContactInfoTest@38cee291]" started-at="2023-01-11T05:02:03 EST" name="after" finished-at="2023-01-11T05:02:19 EST" duration-ms="16228" status="PASS">
          <reporter-output>
          </reporter-output>
        </test-method> <!-- after -->
      </class> <!-- testLayer.UpdateContactInfoTest -->
      <class name="testLayer.TransferFundsTest">
        <test-method is-config="true" signature="initsetup()[pri:0, instance:testLayer.TransferFundsTest@4686afc2]" started-at="2023-01-11T05:02:53 EST" name="initsetup" finished-at="2023-01-11T05:02:55 EST" duration-ms="1927" status="PASS">
          <reporter-output>
          </reporter-output>
        </test-method> <!-- initsetup -->
        <test-method signature="TransferFunds_Valid(java.lang.String,java.lang.String,java.lang.String)[pri:1, instance:testLayer.TransferFundsTest@4686afc2]" started-at="2023-01-11T05:02:55 EST" name="TransferFunds_Valid" data-provider="Details" finished-at="2023-01-11T05:03:05 EST" duration-ms="10375" status="PASS">
          <params>
            <param index="0">
              <value>
                <![CDATA[User]]>
              </value>
            </param>
            <param index="1">
              <value>
                <![CDATA[pass1234]]>
              </value>
            </param>
            <param index="2">
              <value>
                <![CDATA[200.0]]>
              </value>
            </param>
          </params>
          <reporter-output>
          </reporter-output>
        </test-method> <!-- TransferFunds_Valid -->
        <test-method is-config="true" signature="after()[pri:0, instance:testLayer.TransferFundsTest@4686afc2]" started-at="2023-01-11T05:03:05 EST" name="after" finished-at="2023-01-11T05:03:05 EST" duration-ms="165" status="PASS">
          <reporter-output>
          </reporter-output>
        </test-method> <!-- after -->
        <test-method is-config="true" signature="initsetup()[pri:0, instance:testLayer.TransferFundsTest@4686afc2]" started-at="2023-01-11T05:03:44 EST" name="initsetup" finished-at="2023-01-11T05:03:46 EST" duration-ms="1781" status="PASS">
          <reporter-output>
          </reporter-output>
        </test-method> <!-- initsetup -->
        <test-method signature="TransferFunds_InvalidToAcc(java.lang.String,java.lang.String,java.lang.String)[pri:2, instance:testLayer.TransferFundsTest@4686afc2]" started-at="2023-01-11T05:03:46 EST" name="TransferFunds_InvalidToAcc" data-provider="Details" finished-at="2023-01-11T05:03:51 EST" duration-ms="5383" status="FAIL">
          <params>
            <param index="0">
              <value>
                <![CDATA[User]]>
              </value>
            </param>
            <param index="1">
              <value>
                <![CDATA[pass1234]]>
              </value>
            </param>
            <param index="2">
              <value>
                <![CDATA[200.0]]>
              </value>
            </param>
          </params>
          <exception class="java.lang.AssertionError">
            <message>
              <![CDATA[expected [false] but found [true]]]>
            </message>
            <full-stacktrace>
              <![CDATA[java.lang.AssertionError: expected [false] but found [true]
at org.testng.Assert.fail(Assert.java:99)
at org.testng.Assert.failNotEquals(Assert.java:1037)
at org.testng.Assert.assertEqualsImpl(Assert.java:140)
at org.testng.Assert.assertEquals(Assert.java:122)
at org.testng.Assert.assertEquals(Assert.java:819)
at org.testng.Assert.assertEquals(Assert.java:829)
at testLayer.TransferFundsTest.TransferFunds_InvalidToAcc(TransferFundsTest.java:75)
at java.base/jdk.internal.reflect.NativeMethodAccessorImpl.invoke0(Native Method)
at java.base/jdk.internal.reflect.NativeMethodAccessorImpl.invoke(NativeMethodAccessorImpl.java:77)
at java.base/jdk.internal.reflect.DelegatingMethodAccessorImpl.invoke(DelegatingMethodAccessorImpl.java:43)
at java.base/java.lang.reflect.Method.invoke(Method.java:568)
at org.testng.internal.MethodInvocationHelper.invokeMethod(MethodInvocationHelper.java:133)
at org.testng.internal.TestInvoker.invokeMethod(TestInvoker.java:598)
at org.testng.internal.TestInvoker.invokeTestMethod(TestInvoker.java:173)
at org.testng.internal.MethodRunner.runInSequence(MethodRunner.java:46)
at org.testng.internal.TestInvoker$MethodInvocationAgent.invoke(TestInvoker.java:824)
at org.testng.internal.TestInvoker.invokeTestMethods(TestInvoker.java:146)
at org.testng.internal.TestMethodWorker.invokeTestMethods(TestMethodWorker.java:146)
at org.testng.internal.TestMethodWorker.run(TestMethodWorker.java:128)
at java.base/java.util.ArrayList.forEach(ArrayList.java:1511)
at org.testng.TestRunner.privateRun(TestRunner.java:794)
at org.testng.TestRunner.run(TestRunner.java:596)
at org.testng.SuiteRunner.runTest(SuiteRunner.java:377)
at org.testng.SuiteRunner.access$000(SuiteRunner.java:28)
at org.testng.SuiteRunner$SuiteWorker.run(SuiteRunner.java:418)
at org.testng.internal.thread.ThreadUtil.lambda$execute$0(ThreadUtil.java:64)
at java.base/java.util.concurrent.FutureTask.run(FutureTask.java:264)
at java.base/java.util.concurrent.ThreadPoolExecutor.runWorker(ThreadPoolExecutor.java:1136)
at java.base/java.util.concurrent.ThreadPoolExecutor$Worker.run(ThreadPoolExecutor.java:635)
at java.base/java.lang.Thread.run(Thread.java:833)
]]>
            </full-stacktrace>
          </exception> <!-- java.lang.AssertionError -->
          <reporter-output>
          </reporter-output>
        </test-method> <!-- TransferFunds_InvalidToAcc -->
        <test-method is-config="true" signature="after()[pri:0, instance:testLayer.TransferFundsTest@4686afc2]" started-at="2023-01-11T05:03:51 EST" name="after" finished-at="2023-01-11T05:03:51 EST" duration-ms="217" status="PASS">
          <reporter-output>
          </reporter-output>
        </test-method> <!-- after -->
        <test-method signature="TransferFunds_InvalidAmount(java.lang.String,java.lang.String,java.lang.String)[pri:3, instance:testLayer.TransferFundsTest@4686afc2]" started-at="2023-01-11T05:04:24 EST" name="TransferFunds_InvalidAmount" data-provider="Details1" finished-at="2023-01-11T05:04:24 EST" duration-ms="0" status="SKIP">
          <exception class="java.lang.RuntimeException">
            <message>
              <![CDATA[java.lang.NullPointerException: Cannot invoke "Object.toString()" because the return value of "org.apache.poi.ss.usermodel.Row.getCell(int)" is null]]>
            </message>
            <full-stacktrace>
              <![CDATA[java.lang.RuntimeException: java.lang.NullPointerException: Cannot invoke "Object.toString()" because the return value of "org.apache.poi.ss.usermodel.Row.getCell(int)" is null
at org.testng.internal.MethodInvocationHelper.invokeMethodNoCheckedException(MethodInvocationHelper.java:50)
at org.testng.internal.MethodInvocationHelper.invokeDataProvider(MethodInvocationHelper.java:146)
at org.testng.internal.Parameters.handleParameters(Parameters.java:798)
at org.testng.internal.Parameters.handleParameters(Parameters.java:740)
at org.testng.internal.ParameterHandler.handleParameters(ParameterHandler.java:59)
at org.testng.internal.ParameterHandler.createParameters(ParameterHandler.java:38)
at org.testng.internal.TestInvoker$MethodInvocationAgent.invoke(TestInvoker.java:791)
at org.testng.internal.TestInvoker.invokeTestMethods(TestInvoker.java:146)
at org.testng.internal.TestMethodWorker.invokeTestMethods(TestMethodWorker.java:146)
at org.testng.internal.TestMethodWorker.run(TestMethodWorker.java:128)
at java.base/java.util.ArrayList.forEach(ArrayList.java:1511)
at org.testng.TestRunner.privateRun(TestRunner.java:794)
at org.testng.TestRunner.run(TestRunner.java:596)
at org.testng.SuiteRunner.runTest(SuiteRunner.java:377)
at org.testng.SuiteRunner.access$000(SuiteRunner.java:28)
at org.testng.SuiteRunner$SuiteWorker.run(SuiteRunner.java:418)
at org.testng.internal.thread.ThreadUtil.lambda$execute$0(ThreadUtil.java:64)
at java.base/java.util.concurrent.FutureTask.run(FutureTask.java:264)
at java.base/java.util.concurrent.ThreadPoolExecutor.runWorker(ThreadPoolExecutor.java:1136)
at java.base/java.util.concurrent.ThreadPoolExecutor$Worker.run(ThreadPoolExecutor.java:635)
at java.base/java.lang.Thread.run(Thread.java:833)
Caused by: java.lang.NullPointerException: Cannot invoke "Object.toString()" because the return value of "org.apache.poi.ss.usermodel.Row.getCell(int)" is null
at testdata.ExcelSheet.readdata(ExcelSheet.java:41)
at testLayer.TransferFundsTest.Details1(TransferFundsTest.java:39)
at java.base/jdk.internal.reflect.NativeMethodAccessorImpl.invoke0(Native Method)
at java.base/jdk.internal.reflect.NativeMethodAccessorImpl.invoke(NativeMethodAccessorImpl.java:77)
at java.base/jdk.internal.reflect.DelegatingMethodAccessorImpl.invoke(DelegatingMethodAccessorImpl.java:43)
at java.base/java.lang.reflect.Method.invoke(Method.java:568)
at org.testng.internal.MethodInvocationHelper.invokeMethod(MethodInvocationHelper.java:133)
at org.testng.internal.MethodInvocationHelper.invokeMethod(MethodInvocationHelper.java:77)
at org.testng.internal.MethodInvocationHelper.invokeMethodNoCheckedException(MethodInvocationHelper.java:46)
... 20 more
]]>
            </full-stacktrace>
          </exception> <!-- java.lang.RuntimeException -->
          <reporter-output>
          </reporter-output>
        </test-method> <!-- TransferFunds_InvalidAmount -->
      </class> <!-- testLayer.TransferFundsTest -->
      <class name="testLayer.AccountOverviewTest">
        <test-method is-config="true" signature="initsetup()[pri:0, instance:testLayer.AccountOverviewTest@4d154ccd]" started-at="2023-01-11T05:00:24 EST" name="initsetup" finished-at="2023-01-11T05:00:28 EST" duration-ms="3663" status="PASS">
          <reporter-output>
          </reporter-output>
        </test-method> <!-- initsetup -->
        <test-method signature="AccountOverview_verifyLink(java.lang.String,java.lang.String)[pri:0, instance:testLayer.AccountOverviewTest@4d154ccd]" started-at="2023-01-11T05:00:28 EST" name="AccountOverview_verifyLink" data-provider="Details" finished-at="2023-01-11T05:00:32 EST" duration-ms="3861" status="PASS">
          <params>
            <param index="0">
              <value>
                <![CDATA[User]]>
              </value>
            </param>
            <param index="1">
              <value>
                <![CDATA[pass1234]]>
              </value>
            </param>
          </params>
          <reporter-output>
          </reporter-output>
        </test-method> <!-- AccountOverview_verifyLink -->
        <test-method is-config="true" signature="close()[pri:0, instance:testLayer.AccountOverviewTest@4d154ccd]" started-at="2023-01-11T05:00:32 EST" name="close" finished-at="2023-01-11T05:00:32 EST" duration-ms="152" status="PASS">
          <reporter-output>
          </reporter-output>
        </test-method> <!-- close -->
      </class> <!-- testLayer.AccountOverviewTest -->
      <class name="testLayer.ForgotInfoTest">
        <test-method is-config="true" signature="initsetup()[pri:0, instance:testLayer.ForgotInfoTest@65c7a252]" started-at="2023-01-11T05:02:37 EST" name="initsetup" finished-at="2023-01-11T05:02:39 EST" duration-ms="1982" status="PASS">
          <reporter-output>
          </reporter-output>
        </test-method> <!-- initsetup -->
        <test-method signature="ForgotLogin_Formvisible()[pri:1, instance:testLayer.ForgotInfoTest@65c7a252]" started-at="2023-01-11T05:02:39 EST" name="ForgotLogin_Formvisible" finished-at="2023-01-11T05:02:46 EST" duration-ms="6605" status="PASS">
          <reporter-output>
          </reporter-output>
        </test-method> <!-- ForgotLogin_Formvisible -->
        <test-method is-config="true" signature="after()[pri:0, instance:testLayer.ForgotInfoTest@65c7a252]" started-at="2023-01-11T05:02:46 EST" name="after" finished-at="2023-01-11T05:02:46 EST" duration-ms="153" status="PASS">
          <reporter-output>
          </reporter-output>
        </test-method> <!-- after -->
        <test-method is-config="true" signature="initsetup()[pri:0, instance:testLayer.ForgotInfoTest@65c7a252]" started-at="2023-01-11T05:03:24 EST" name="initsetup" finished-at="2023-01-11T05:03:26 EST" duration-ms="1720" status="PASS">
          <reporter-output>
          </reporter-output>
        </test-method> <!-- initsetup -->
        <test-method signature="ForgotLogin_Valid(java.lang.String,java.lang.String,java.lang.String,java.lang.String,java.lang.String,java.lang.String,java.lang.String)[pri:2, instance:testLayer.ForgotInfoTest@65c7a252]" started-at="2023-01-11T05:03:26 EST" name="ForgotLogin_Valid" data-provider="Details" finished-at="2023-01-11T05:03:34 EST" duration-ms="8085" status="FAIL">
          <params>
            <param index="0">
              <value>
                <![CDATA[tim]]>
              </value>
            </param>
            <param index="1">
              <value>
                <![CDATA[tim]]>
              </value>
            </param>
            <param index="2">
              <value>
                <![CDATA[tim]]>
              </value>
            </param>
            <param index="3">
              <value>
                <![CDATA[tim]]>
              </value>
            </param>
            <param index="4">
              <value>
                <![CDATA[tim]]>
              </value>
            </param>
            <param index="5">
              <value>
                <![CDATA[123456.0]]>
              </value>
            </param>
            <param index="6">
              <value>
                <![CDATA[123 456 789]]>
              </value>
            </param>
          </params>
          <exception class="java.lang.AssertionError">
            <message>
              <![CDATA[expected [Your login information was located successfully. You are now logged in.] but found [The customer information provided could not be found.]]]>
            </message>
            <full-stacktrace>
              <![CDATA[java.lang.AssertionError: expected [Your login information was located successfully. You are now logged in.] but found [The customer information provided could not be found.]
at org.testng.Assert.fail(Assert.java:99)
at org.testng.Assert.failNotEquals(Assert.java:1037)
at org.testng.Assert.assertEqualsImpl(Assert.java:140)
at org.testng.Assert.assertEquals(Assert.java:122)
at org.testng.Assert.assertEquals(Assert.java:629)
at org.testng.Assert.assertEquals(Assert.java:639)
at testLayer.ForgotInfoTest.ForgotLogin_Valid(ForgotInfoTest.java:72)
at java.base/jdk.internal.reflect.NativeMethodAccessorImpl.invoke0(Native Method)
at java.base/jdk.internal.reflect.NativeMethodAccessorImpl.invoke(NativeMethodAccessorImpl.java:77)
at java.base/jdk.internal.reflect.DelegatingMethodAccessorImpl.invoke(DelegatingMethodAccessorImpl.java:43)
at java.base/java.lang.reflect.Method.invoke(Method.java:568)
at org.testng.internal.MethodInvocationHelper.invokeMethod(MethodInvocationHelper.java:133)
at org.testng.internal.TestInvoker.invokeMethod(TestInvoker.java:598)
at org.testng.internal.TestInvoker.invokeTestMethod(TestInvoker.java:173)
at org.testng.internal.MethodRunner.runInSequence(MethodRunner.java:46)
at org.testng.internal.TestInvoker$MethodInvocationAgent.invoke(TestInvoker.java:824)
at org.testng.internal.TestInvoker.invokeTestMethods(TestInvoker.java:146)
at org.testng.internal.TestMethodWorker.invokeTestMethods(TestMethodWorker.java:146)
at org.testng.internal.TestMethodWorker.run(TestMethodWorker.java:128)
at java.base/java.util.ArrayList.forEach(ArrayList.java:1511)
at org.testng.TestRunner.privateRun(TestRunner.java:794)
at org.testng.TestRunner.run(TestRunner.java:596)
at org.testng.SuiteRunner.runTest(SuiteRunner.java:377)
at org.testng.SuiteRunner.access$000(SuiteRunner.java:28)
at org.testng.SuiteRunner$SuiteWorker.run(SuiteRunner.java:418)
at org.testng.internal.thread.ThreadUtil.lambda$execute$0(ThreadUtil.java:64)
at java.base/java.util.concurrent.FutureTask.run(FutureTask.java:264)
at java.base/java.util.concurrent.ThreadPoolExecutor.runWorker(ThreadPoolExecutor.java:1136)
at java.base/java.util.concurrent.ThreadPoolExecutor$Worker.run(ThreadPoolExecutor.java:635)
at java.base/java.lang.Thread.run(Thread.java:833)
]]>
            </full-stacktrace>
          </exception> <!-- java.lang.AssertionError -->
          <reporter-output>
          </reporter-output>
        </test-method> <!-- ForgotLogin_Valid -->
        <test-method is-config="true" signature="after()[pri:0, instance:testLayer.ForgotInfoTest@65c7a252]" started-at="2023-01-11T05:03:34 EST" name="after" finished-at="2023-01-11T05:03:34 EST" duration-ms="191" status="PASS">
          <reporter-output>
          </reporter-output>
        </test-method> <!-- after -->
        <test-method is-config="true" signature="initsetup()[pri:0, instance:testLayer.ForgotInfoTest@65c7a252]" started-at="2023-01-11T05:04:10 EST" name="initsetup" finished-at="2023-01-11T05:04:12 EST" duration-ms="1757" status="PASS">
          <reporter-output>
          </reporter-output>
        </test-method> <!-- initsetup -->
        <test-method signature="ForgotLogin_InvalidEmptyFields()[pri:3, instance:testLayer.ForgotInfoTest@65c7a252]" started-at="2023-01-11T05:04:12 EST" name="ForgotLogin_InvalidEmptyFields" finished-at="2023-01-11T05:04:16 EST" duration-ms="4811" status="PASS">
          <reporter-output>
          </reporter-output>
        </test-method> <!-- ForgotLogin_InvalidEmptyFields -->
        <test-method is-config="true" signature="after()[pri:0, instance:testLayer.ForgotInfoTest@65c7a252]" started-at="2023-01-11T05:04:16 EST" name="after" finished-at="2023-01-11T05:04:17 EST" duration-ms="114" status="PASS">
          <reporter-output>
          </reporter-output>
        </test-method> <!-- after -->
        <test-method is-config="true" signature="initsetup()[pri:0, instance:testLayer.ForgotInfoTest@65c7a252]" started-at="2023-01-11T05:04:52 EST" name="initsetup" finished-at="2023-01-11T05:04:54 EST" duration-ms="1669" status="PASS">
          <reporter-output>
          </reporter-output>
        </test-method> <!-- initsetup -->
        <test-method signature="ForgotLogin_Unregisterd(java.lang.String,java.lang.String,java.lang.String,java.lang.String,java.lang.String,java.lang.String,java.lang.String)[pri:4, instance:testLayer.ForgotInfoTest@65c7a252]" started-at="2023-01-11T05:04:54 EST" name="ForgotLogin_Unregisterd" data-provider="Details2" finished-at="2023-01-11T05:05:02 EST" duration-ms="8235" status="PASS">
          <params>
            <param index="0">
              <value>
                <![CDATA[tim]]>
              </value>
            </param>
            <param index="1">
              <value>
                <![CDATA[tim]]>
              </value>
            </param>
            <param index="2">
              <value>
                <![CDATA[tom]]>
              </value>
            </param>
            <param index="3">
              <value>
                <![CDATA[tim]]>
              </value>
            </param>
            <param index="4">
              <value>
                <![CDATA[tim]]>
              </value>
            </param>
            <param index="5">
              <value>
                <![CDATA[123456.0]]>
              </value>
            </param>
            <param index="6">
              <value>
                <![CDATA[123 456 789]]>
              </value>
            </param>
          </params>
          <reporter-output>
          </reporter-output>
        </test-method> <!-- ForgotLogin_Unregisterd -->
        <test-method is-config="true" signature="after()[pri:0, instance:testLayer.ForgotInfoTest@65c7a252]" started-at="2023-01-11T05:05:02 EST" name="after" finished-at="2023-01-11T05:05:02 EST" duration-ms="111" status="PASS">
          <reporter-output>
          </reporter-output>
        </test-method> <!-- after -->
      </class> <!-- testLayer.ForgotInfoTest -->
      <class name="testLayer.BillPayTest">
        <test-method is-config="true" signature="initsetup()[pri:0, instance:testLayer.BillPayTest@1e0b4072]" started-at="2023-01-11T05:02:19 EST" name="initsetup" finished-at="2023-01-11T05:02:21 EST" duration-ms="2005" status="PASS">
          <reporter-output>
          </reporter-output>
        </test-method> <!-- initsetup -->
        <test-method signature="BillPay_Emptyfields(java.lang.String,java.lang.String,java.lang.String,java.lang.String,java.lang.String)[pri:1, instance:testLayer.BillPayTest@1e0b4072]" started-at="2023-01-11T05:02:21 EST" name="BillPay_Emptyfields" data-provider="Details" finished-at="2023-01-11T05:02:29 EST" duration-ms="7731" status="PASS">
          <params>
            <param index="0">
              <value>
                <![CDATA[User]]>
              </value>
            </param>
            <param index="1">
              <value>
                <![CDATA[pass1234]]>
              </value>
            </param>
            <param index="2">
              <value>
                <![CDATA[12345.0]]>
              </value>
            </param>
            <param index="3">
              <value>
                <![CDATA[12345.0]]>
              </value>
            </param>
            <param index="4">
              <value>
                <![CDATA[100.0]]>
              </value>
            </param>
          </params>
          <reporter-output>
          </reporter-output>
        </test-method> <!-- BillPay_Emptyfields -->
        <test-method is-config="true" signature="after()[pri:0, instance:testLayer.BillPayTest@1e0b4072]" started-at="2023-01-11T05:02:29 EST" name="after" finished-at="2023-01-11T05:02:29 EST" duration-ms="148" status="PASS">
          <reporter-output>
          </reporter-output>
        </test-method> <!-- after -->
        <test-method is-config="true" signature="initsetup()[pri:0, instance:testLayer.BillPayTest@1e0b4072]" started-at="2023-01-11T05:03:05 EST" name="initsetup" finished-at="2023-01-11T05:03:07 EST" duration-ms="2040" status="PASS">
          <reporter-output>
          </reporter-output>
        </test-method> <!-- initsetup -->
        <test-method signature="BillPay_InvalidSpecialCharacter(java.lang.String,java.lang.String,java.lang.String,java.lang.String,java.lang.String,java.lang.String,java.lang.String,java.lang.String,java.lang.String,java.lang.String,java.lang.String)[pri:2, instance:testLayer.BillPayTest@1e0b4072]" started-at="2023-01-11T05:03:07 EST" name="BillPay_InvalidSpecialCharacter" data-provider="Details2" finished-at="2023-01-11T05:03:16 EST" duration-ms="8335" status="PASS">
          <params>
            <param index="0">
              <value>
                <![CDATA[User]]>
              </value>
            </param>
            <param index="1">
              <value>
                <![CDATA[pass1234]]>
              </value>
            </param>
            <param index="2">
              <value>
                <![CDATA[john%]]>
              </value>
            </param>
            <param index="3">
              <value>
                <![CDATA[city#]]>
              </value>
            </param>
            <param index="4">
              <value>
                <![CDATA[city%]]>
              </value>
            </param>
            <param index="5">
              <value>
                <![CDATA[city%]]>
              </value>
            </param>
            <param index="6">
              <value>
                <![CDATA[zip$]]>
              </value>
            </param>
            <param index="7">
              <value>
                <![CDATA[12345689*]]>
              </value>
            </param>
            <param index="8">
              <value>
                <![CDATA[14010.0]]>
              </value>
            </param>
            <param index="9">
              <value>
                <![CDATA[14010.0]]>
              </value>
            </param>
            <param index="10">
              <value>
                <![CDATA[100.0]]>
              </value>
            </param>
          </params>
          <reporter-output>
          </reporter-output>
        </test-method> <!-- BillPay_InvalidSpecialCharacter -->
        <test-method is-config="true" signature="after()[pri:0, instance:testLayer.BillPayTest@1e0b4072]" started-at="2023-01-11T05:03:16 EST" name="after" finished-at="2023-01-11T05:03:16 EST" duration-ms="142" status="PASS">
          <reporter-output>
          </reporter-output>
        </test-method> <!-- after -->
        <test-method is-config="true" signature="initsetup()[pri:0, instance:testLayer.BillPayTest@1e0b4072]" started-at="2023-01-11T05:03:52 EST" name="initsetup" finished-at="2023-01-11T05:03:54 EST" duration-ms="2010" status="PASS">
          <reporter-output>
          </reporter-output>
        </test-method> <!-- initsetup -->
        <test-method signature="BillPay_InvalidwithNumbers(java.lang.String,java.lang.String,java.lang.String,java.lang.String,java.lang.String,java.lang.String,java.lang.String,java.lang.String,java.lang.String,java.lang.String,java.lang.String)[pri:3, instance:testLayer.BillPayTest@1e0b4072]" started-at="2023-01-11T05:03:54 EST" name="BillPay_InvalidwithNumbers" data-provider="Invalidnumber" finished-at="2023-01-11T05:04:02 EST" duration-ms="8565" status="PASS">
          <params>
            <param index="0">
              <value>
                <![CDATA[User]]>
              </value>
            </param>
            <param index="1">
              <value>
                <![CDATA[pass1234]]>
              </value>
            </param>
            <param index="2">
              <value>
                <![CDATA[jay]]>
              </value>
            </param>
            <param index="3">
              <value>
                <![CDATA[jay]]>
              </value>
            </param>
            <param index="4">
              <value>
                <![CDATA[jay45]]>
              </value>
            </param>
            <param index="5">
              <value>
                <![CDATA[jay67]]>
              </value>
            </param>
            <param index="6">
              <value>
                <![CDATA[1234T6]]>
              </value>
            </param>
            <param index="7">
              <value>
                <![CDATA[1.23456789E9]]>
              </value>
            </param>
            <param index="8">
              <value>
                <![CDATA[14010.0]]>
              </value>
            </param>
            <param index="9">
              <value>
                <![CDATA[14010.0]]>
              </value>
            </param>
            <param index="10">
              <value>
                <![CDATA[100.0]]>
              </value>
            </param>
          </params>
          <reporter-output>
          </reporter-output>
        </test-method> <!-- BillPay_InvalidwithNumbers -->
        <test-method is-config="true" signature="after()[pri:0, instance:testLayer.BillPayTest@1e0b4072]" started-at="2023-01-11T05:04:02 EST" name="after" finished-at="2023-01-11T05:04:02 EST" duration-ms="124" status="PASS">
          <reporter-output>
          </reporter-output>
        </test-method> <!-- after -->
        <test-method is-config="true" signature="initsetup()[pri:0, instance:testLayer.BillPayTest@1e0b4072]" started-at="2023-01-11T05:04:24 EST" name="initsetup" finished-at="2023-01-11T05:04:26 EST" duration-ms="1998" status="PASS">
          <reporter-output>
          </reporter-output>
        </test-method> <!-- initsetup -->
        <test-method signature="BillPay_InvalidPinPhoneNumber(java.lang.String,java.lang.String,java.lang.String,java.lang.String,java.lang.String,java.lang.String,java.lang.String,java.lang.String,java.lang.String,java.lang.String,java.lang.String)[pri:4, instance:testLayer.BillPayTest@1e0b4072]" started-at="2023-01-11T05:04:26 EST" name="BillPay_InvalidPinPhoneNumber" data-provider="Invalidpinphone" finished-at="2023-01-11T05:04:34 EST" duration-ms="8263" status="PASS">
          <params>
            <param index="0">
              <value>
                <![CDATA[User]]>
              </value>
            </param>
            <param index="1">
              <value>
                <![CDATA[pass1234]]>
              </value>
            </param>
            <param index="2">
              <value>
                <![CDATA[d]]>
              </value>
            </param>
            <param index="3">
              <value>
                <![CDATA[d]]>
              </value>
            </param>
            <param index="4">
              <value>
                <![CDATA[d]]>
              </value>
            </param>
            <param index="5">
              <value>
                <![CDATA[d]]>
              </value>
            </param>
            <param index="6">
              <value>
                <![CDATA[12344.0]]>
              </value>
            </param>
            <param index="7">
              <value>
                <![CDATA[1.23456789E8]]>
              </value>
            </param>
            <param index="8">
              <value>
                <![CDATA[13434.0]]>
              </value>
            </param>
            <param index="9">
              <value>
                <![CDATA[13434.0]]>
              </value>
            </param>
            <param index="10">
              <value>
                <![CDATA[100.0]]>
              </value>
            </param>
          </params>
          <reporter-output>
          </reporter-output>
        </test-method> <!-- BillPay_InvalidPinPhoneNumber -->
        <test-method is-config="true" signature="after()[pri:0, instance:testLayer.BillPayTest@1e0b4072]" started-at="2023-01-11T05:04:34 EST" name="after" finished-at="2023-01-11T05:04:34 EST" duration-ms="146" status="PASS">
          <reporter-output>
          </reporter-output>
        </test-method> <!-- after -->
        <test-method is-config="true" signature="initsetup()[pri:0, instance:testLayer.BillPayTest@1e0b4072]" started-at="2023-01-11T05:04:34 EST" name="initsetup" finished-at="2023-01-11T05:04:36 EST" duration-ms="1704" status="PASS">
          <reporter-output>
          </reporter-output>
        </test-method> <!-- initsetup -->
        <test-method signature="BillPay_InvalidPinPhoneNumber(java.lang.String,java.lang.String,java.lang.String,java.lang.String,java.lang.String,java.lang.String,java.lang.String,java.lang.String,java.lang.String,java.lang.String,java.lang.String)[pri:4, instance:testLayer.BillPayTest@1e0b4072]" started-at="2023-01-11T05:04:36 EST" name="BillPay_InvalidPinPhoneNumber" data-provider="Invalidpinphone" finished-at="2023-01-11T05:04:44 EST" duration-ms="8337" status="PASS">
          <params>
            <param index="0">
              <value>
                <![CDATA[User]]>
              </value>
            </param>
            <param index="1">
              <value>
                <![CDATA[pass1234]]>
              </value>
            </param>
            <param index="2">
              <value>
                <![CDATA[d]]>
              </value>
            </param>
            <param index="3">
              <value>
                <![CDATA[d]]>
              </value>
            </param>
            <param index="4">
              <value>
                <![CDATA[d]]>
              </value>
            </param>
            <param index="5">
              <value>
                <![CDATA[d]]>
              </value>
            </param>
            <param index="6">
              <value>
                <![CDATA[1234764.0]]>
              </value>
            </param>
            <param index="7">
              <value>
                <![CDATA[1.2345678789E10]]>
              </value>
            </param>
            <param index="8">
              <value>
                <![CDATA[13434.0]]>
              </value>
            </param>
            <param index="9">
              <value>
                <![CDATA[13434.0]]>
              </value>
            </param>
            <param index="10">
              <value>
                <![CDATA[100.0]]>
              </value>
            </param>
          </params>
          <reporter-output>
          </reporter-output>
        </test-method> <!-- BillPay_InvalidPinPhoneNumber -->
        <test-method is-config="true" signature="after()[pri:0, instance:testLayer.BillPayTest@1e0b4072]" started-at="2023-01-11T05:04:44 EST" name="after" finished-at="2023-01-11T05:04:44 EST" duration-ms="162" status="PASS">
          <reporter-output>
          </reporter-output>
        </test-method> <!-- after -->
        <test-method is-config="true" signature="initsetup()[pri:0, instance:testLayer.BillPayTest@1e0b4072]" started-at="2023-01-11T05:05:09 EST" name="initsetup" finished-at="2023-01-11T05:05:11 EST" duration-ms="1758" status="PASS">
          <reporter-output>
          </reporter-output>
        </test-method> <!-- initsetup -->
        <test-method signature="BillPay_InvalidAccountno(java.lang.String,java.lang.String,java.lang.String,java.lang.String,java.lang.String,java.lang.String,java.lang.String,java.lang.String,java.lang.String,java.lang.String,java.lang.String)[pri:5, instance:testLayer.BillPayTest@1e0b4072]" started-at="2023-01-11T05:05:11 EST" name="BillPay_InvalidAccountno" data-provider="Invalidacc" finished-at="2023-01-11T05:05:19 EST" duration-ms="7974" status="FAIL">
          <params>
            <param index="0">
              <value>
                <![CDATA[User]]>
              </value>
            </param>
            <param index="1">
              <value>
                <![CDATA[pass1234]]>
              </value>
            </param>
            <param index="2">
              <value>
                <![CDATA[jay]]>
              </value>
            </param>
            <param index="3">
              <value>
                <![CDATA[jay]]>
              </value>
            </param>
            <param index="4">
              <value>
                <![CDATA[jaya]]>
              </value>
            </param>
            <param index="5">
              <value>
                <![CDATA[jay]]>
              </value>
            </param>
            <param index="6">
              <value>
                <![CDATA[123456.0]]>
              </value>
            </param>
            <param index="7">
              <value>
                <![CDATA[1.23456789E9]]>
              </value>
            </param>
            <param index="8">
              <value>
                <![CDATA[1234 5]]>
              </value>
            </param>
            <param index="9">
              <value>
                <![CDATA[1234 5]]>
              </value>
            </param>
            <param index="10">
              <value>
                <![CDATA[100.0]]>
              </value>
            </param>
          </params>
          <exception class="java.lang.AssertionError">
            <message>
              <![CDATA[expected [Bill Payment to jay in the amount of $100.0 from account [[[[ChromeDriver: chrome on WINDOWS (622244e09db9e4c3b43650ba31e89d68)] -> css selector: #rightPanel > div > div:nth-child(1) > form > table > tbody > tr:nth-child(13) > td:nth-child(2) > select]] -> tag name: option] was successful.] but found []]]>
            </message>
            <full-stacktrace>
              <![CDATA[java.lang.AssertionError: expected [Bill Payment to jay in the amount of $100.0 from account [[[[ChromeDriver: chrome on WINDOWS (622244e09db9e4c3b43650ba31e89d68)] -> css selector: #rightPanel > div > div:nth-child(1) > form > table > tbody > tr:nth-child(13) > td:nth-child(2) > select]] -> tag name: option] was successful.] but found []
at org.testng.Assert.fail(Assert.java:99)
at org.testng.Assert.failNotEquals(Assert.java:1037)
at org.testng.Assert.assertEqualsImpl(Assert.java:140)
at org.testng.Assert.assertEquals(Assert.java:122)
at org.testng.Assert.assertEquals(Assert.java:629)
at org.testng.Assert.assertEquals(Assert.java:639)
at testLayer.BillPayTest.BillPay_InvalidAccountno(BillPayTest.java:141)
at java.base/jdk.internal.reflect.NativeMethodAccessorImpl.invoke0(Native Method)
at java.base/jdk.internal.reflect.NativeMethodAccessorImpl.invoke(NativeMethodAccessorImpl.java:77)
at java.base/jdk.internal.reflect.DelegatingMethodAccessorImpl.invoke(DelegatingMethodAccessorImpl.java:43)
at java.base/java.lang.reflect.Method.invoke(Method.java:568)
at org.testng.internal.MethodInvocationHelper.invokeMethod(MethodInvocationHelper.java:133)
at org.testng.internal.TestInvoker.invokeMethod(TestInvoker.java:598)
at org.testng.internal.TestInvoker.invokeTestMethod(TestInvoker.java:173)
at org.testng.internal.MethodRunner.runInSequence(MethodRunner.java:46)
at org.testng.internal.TestInvoker$MethodInvocationAgent.invoke(TestInvoker.java:824)
at org.testng.internal.TestInvoker.invokeTestMethods(TestInvoker.java:146)
at org.testng.internal.TestMethodWorker.invokeTestMethods(TestMethodWorker.java:146)
at org.testng.internal.TestMethodWorker.run(TestMethodWorker.java:128)
at java.base/java.util.ArrayList.forEach(ArrayList.java:1511)
at org.testng.TestRunner.privateRun(TestRunner.java:794)
at org.testng.TestRunner.run(TestRunner.java:596)
at org.testng.SuiteRunner.runTest(SuiteRunner.java:377)
at org.testng.SuiteRunner.access$000(SuiteRunner.java:28)
at org.testng.SuiteRunner$SuiteWorker.run(SuiteRunner.java:418)
at org.testng.internal.thread.ThreadUtil.lambda$execute$0(ThreadUtil.java:64)
at java.base/java.util.concurrent.FutureTask.run(FutureTask.java:264)
at java.base/java.util.concurrent.ThreadPoolExecutor.runWorker(ThreadPoolExecutor.java:1136)
at java.base/java.util.concurrent.ThreadPoolExecutor$Worker.run(ThreadPoolExecutor.java:635)
at java.base/java.lang.Thread.run(Thread.java:833)
]]>
            </full-stacktrace>
          </exception> <!-- java.lang.AssertionError -->
          <reporter-output>
          </reporter-output>
        </test-method> <!-- BillPay_InvalidAccountno -->
        <test-method is-config="true" signature="after()[pri:0, instance:testLayer.BillPayTest@1e0b4072]" started-at="2023-01-11T05:05:19 EST" name="after" finished-at="2023-01-11T05:05:19 EST" duration-ms="133" status="PASS">
          <reporter-output>
          </reporter-output>
        </test-method> <!-- after -->
        <test-method is-config="true" signature="initsetup()[pri:0, instance:testLayer.BillPayTest@1e0b4072]" started-at="2023-01-11T05:05:19 EST" name="initsetup" finished-at="2023-01-11T05:05:21 EST" duration-ms="1781" status="PASS">
          <reporter-output>
          </reporter-output>
        </test-method> <!-- initsetup -->
        <test-method signature="BillPay_InvalidAccountno(java.lang.String,java.lang.String,java.lang.String,java.lang.String,java.lang.String,java.lang.String,java.lang.String,java.lang.String,java.lang.String,java.lang.String,java.lang.String)[pri:5, instance:testLayer.BillPayTest@1e0b4072]" started-at="2023-01-11T05:05:21 EST" name="BillPay_InvalidAccountno" data-provider="Invalidacc" finished-at="2023-01-11T05:05:29 EST" duration-ms="8084" status="FAIL">
          <params>
            <param index="0">
              <value>
                <![CDATA[User]]>
              </value>
            </param>
            <param index="1">
              <value>
                <![CDATA[pass1234]]>
              </value>
            </param>
            <param index="2">
              <value>
                <![CDATA[jay]]>
              </value>
            </param>
            <param index="3">
              <value>
                <![CDATA[jay]]>
              </value>
            </param>
            <param index="4">
              <value>
                <![CDATA[jaya]]>
              </value>
            </param>
            <param index="5">
              <value>
                <![CDATA[jay]]>
              </value>
            </param>
            <param index="6">
              <value>
                <![CDATA[123456.0]]>
              </value>
            </param>
            <param index="7">
              <value>
                <![CDATA[1.23456789E9]]>
              </value>
            </param>
            <param index="8">
              <value>
                <![CDATA[12345 6]]>
              </value>
            </param>
            <param index="9">
              <value>
                <![CDATA[12345 6]]>
              </value>
            </param>
            <param index="10">
              <value>
                <![CDATA[100.0]]>
              </value>
            </param>
          </params>
          <exception class="java.lang.AssertionError">
            <message>
              <![CDATA[expected [Bill Payment to jay in the amount of $100.0 from account [[[[ChromeDriver: chrome on WINDOWS (b6263505cadde864f11e793ee96c93bc)] -> css selector: #rightPanel > div > div:nth-child(1) > form > table > tbody > tr:nth-child(13) > td:nth-child(2) > select]] -> tag name: option] was successful.] but found []]]>
            </message>
            <full-stacktrace>
              <![CDATA[java.lang.AssertionError: expected [Bill Payment to jay in the amount of $100.0 from account [[[[ChromeDriver: chrome on WINDOWS (b6263505cadde864f11e793ee96c93bc)] -> css selector: #rightPanel > div > div:nth-child(1) > form > table > tbody > tr:nth-child(13) > td:nth-child(2) > select]] -> tag name: option] was successful.] but found []
at org.testng.Assert.fail(Assert.java:99)
at org.testng.Assert.failNotEquals(Assert.java:1037)
at org.testng.Assert.assertEqualsImpl(Assert.java:140)
at org.testng.Assert.assertEquals(Assert.java:122)
at org.testng.Assert.assertEquals(Assert.java:629)
at org.testng.Assert.assertEquals(Assert.java:639)
at testLayer.BillPayTest.BillPay_InvalidAccountno(BillPayTest.java:141)
at java.base/jdk.internal.reflect.NativeMethodAccessorImpl.invoke0(Native Method)
at java.base/jdk.internal.reflect.NativeMethodAccessorImpl.invoke(NativeMethodAccessorImpl.java:77)
at java.base/jdk.internal.reflect.DelegatingMethodAccessorImpl.invoke(DelegatingMethodAccessorImpl.java:43)
at java.base/java.lang.reflect.Method.invoke(Method.java:568)
at org.testng.internal.MethodInvocationHelper.invokeMethod(MethodInvocationHelper.java:133)
at org.testng.internal.TestInvoker.invokeMethod(TestInvoker.java:598)
at org.testng.internal.TestInvoker.invokeTestMethod(TestInvoker.java:173)
at org.testng.internal.MethodRunner.runInSequence(MethodRunner.java:46)
at org.testng.internal.TestInvoker$MethodInvocationAgent.invoke(TestInvoker.java:824)
at org.testng.internal.TestInvoker.invokeTestMethods(TestInvoker.java:146)
at org.testng.internal.TestMethodWorker.invokeTestMethods(TestMethodWorker.java:146)
at org.testng.internal.TestMethodWorker.run(TestMethodWorker.java:128)
at java.base/java.util.ArrayList.forEach(ArrayList.java:1511)
at org.testng.TestRunner.privateRun(TestRunner.java:794)
at org.testng.TestRunner.run(TestRunner.java:596)
at org.testng.SuiteRunner.runTest(SuiteRunner.java:377)
at org.testng.SuiteRunner.access$000(SuiteRunner.java:28)
at org.testng.SuiteRunner$SuiteWorker.run(SuiteRunner.java:418)
at org.testng.internal.thread.ThreadUtil.lambda$execute$0(ThreadUtil.java:64)
at java.base/java.util.concurrent.FutureTask.run(FutureTask.java:264)
at java.base/java.util.concurrent.ThreadPoolExecutor.runWorker(ThreadPoolExecutor.java:1136)
at java.base/java.util.concurrent.ThreadPoolExecutor$Worker.run(ThreadPoolExecutor.java:635)
at java.base/java.lang.Thread.run(Thread.java:833)
]]>
            </full-stacktrace>
          </exception> <!-- java.lang.AssertionError -->
          <reporter-output>
          </reporter-output>
        </test-method> <!-- BillPay_InvalidAccountno -->
        <test-method is-config="true" signature="after()[pri:0, instance:testLayer.BillPayTest@1e0b4072]" started-at="2023-01-11T05:05:29 EST" name="after" finished-at="2023-01-11T05:05:29 EST" duration-ms="149" status="PASS">
          <reporter-output>
          </reporter-output>
        </test-method> <!-- after -->
        <test-method is-config="true" signature="initsetup()[pri:0, instance:testLayer.BillPayTest@1e0b4072]" started-at="2023-01-11T05:05:29 EST" name="initsetup" finished-at="2023-01-11T05:05:31 EST" duration-ms="1997" status="PASS">
          <reporter-output>
          </reporter-output>
        </test-method> <!-- initsetup -->
        <test-method signature="BillPay_InvalidAccountno(java.lang.String,java.lang.String,java.lang.String,java.lang.String,java.lang.String,java.lang.String,java.lang.String,java.lang.String,java.lang.String,java.lang.String,java.lang.String)[pri:5, instance:testLayer.BillPayTest@1e0b4072]" started-at="2023-01-11T05:05:31 EST" name="BillPay_InvalidAccountno" data-provider="Invalidacc" finished-at="2023-01-11T05:05:39 EST" duration-ms="8092" status="FAIL">
          <params>
            <param index="0">
              <value>
                <![CDATA[User]]>
              </value>
            </param>
            <param index="1">
              <value>
                <![CDATA[pass1234]]>
              </value>
            </param>
            <param index="2">
              <value>
                <![CDATA[jay]]>
              </value>
            </param>
            <param index="3">
              <value>
                <![CDATA[jay]]>
              </value>
            </param>
            <param index="4">
              <value>
                <![CDATA[jaya]]>
              </value>
            </param>
            <param index="5">
              <value>
                <![CDATA[jay]]>
              </value>
            </param>
            <param index="6">
              <value>
                <![CDATA[123456.0]]>
              </value>
            </param>
            <param index="7">
              <value>
                <![CDATA[1.23456789E9]]>
              </value>
            </param>
            <param index="8">
              <value>
                <![CDATA[123 4]]>
              </value>
            </param>
            <param index="9">
              <value>
                <![CDATA[123.0]]>
              </value>
            </param>
            <param index="10">
              <value>
                <![CDATA[100.0]]>
              </value>
            </param>
          </params>
          <exception class="java.lang.AssertionError">
            <message>
              <![CDATA[expected [Bill Payment to jay in the amount of $100.0 from account [[[[ChromeDriver: chrome on WINDOWS (6a3cd278728a17d01eaaf867d78ece99)] -> css selector: #rightPanel > div > div:nth-child(1) > form > table > tbody > tr:nth-child(13) > td:nth-child(2) > select]] -> tag name: option] was successful.] but found []]]>
            </message>
            <full-stacktrace>
              <![CDATA[java.lang.AssertionError: expected [Bill Payment to jay in the amount of $100.0 from account [[[[ChromeDriver: chrome on WINDOWS (6a3cd278728a17d01eaaf867d78ece99)] -> css selector: #rightPanel > div > div:nth-child(1) > form > table > tbody > tr:nth-child(13) > td:nth-child(2) > select]] -> tag name: option] was successful.] but found []
at org.testng.Assert.fail(Assert.java:99)
at org.testng.Assert.failNotEquals(Assert.java:1037)
at org.testng.Assert.assertEqualsImpl(Assert.java:140)
at org.testng.Assert.assertEquals(Assert.java:122)
at org.testng.Assert.assertEquals(Assert.java:629)
at org.testng.Assert.assertEquals(Assert.java:639)
at testLayer.BillPayTest.BillPay_InvalidAccountno(BillPayTest.java:141)
at java.base/jdk.internal.reflect.NativeMethodAccessorImpl.invoke0(Native Method)
at java.base/jdk.internal.reflect.NativeMethodAccessorImpl.invoke(NativeMethodAccessorImpl.java:77)
at java.base/jdk.internal.reflect.DelegatingMethodAccessorImpl.invoke(DelegatingMethodAccessorImpl.java:43)
at java.base/java.lang.reflect.Method.invoke(Method.java:568)
at org.testng.internal.MethodInvocationHelper.invokeMethod(MethodInvocationHelper.java:133)
at org.testng.internal.TestInvoker.invokeMethod(TestInvoker.java:598)
at org.testng.internal.TestInvoker.invokeTestMethod(TestInvoker.java:173)
at org.testng.internal.MethodRunner.runInSequence(MethodRunner.java:46)
at org.testng.internal.TestInvoker$MethodInvocationAgent.invoke(TestInvoker.java:824)
at org.testng.internal.TestInvoker.invokeTestMethods(TestInvoker.java:146)
at org.testng.internal.TestMethodWorker.invokeTestMethods(TestMethodWorker.java:146)
at org.testng.internal.TestMethodWorker.run(TestMethodWorker.java:128)
at java.base/java.util.ArrayList.forEach(ArrayList.java:1511)
at org.testng.TestRunner.privateRun(TestRunner.java:794)
at org.testng.TestRunner.run(TestRunner.java:596)
at org.testng.SuiteRunner.runTest(SuiteRunner.java:377)
at org.testng.SuiteRunner.access$000(SuiteRunner.java:28)
at org.testng.SuiteRunner$SuiteWorker.run(SuiteRunner.java:418)
at org.testng.internal.thread.ThreadUtil.lambda$execute$0(ThreadUtil.java:64)
at java.base/java.util.concurrent.FutureTask.run(FutureTask.java:264)
at java.base/java.util.concurrent.ThreadPoolExecutor.runWorker(ThreadPoolExecutor.java:1136)
at java.base/java.util.concurrent.ThreadPoolExecutor$Worker.run(ThreadPoolExecutor.java:635)
at java.base/java.lang.Thread.run(Thread.java:833)
]]>
            </full-stacktrace>
          </exception> <!-- java.lang.AssertionError -->
          <reporter-output>
          </reporter-output>
        </test-method> <!-- BillPay_InvalidAccountno -->
        <test-method is-config="true" signature="after()[pri:0, instance:testLayer.BillPayTest@1e0b4072]" started-at="2023-01-11T05:05:39 EST" name="after" finished-at="2023-01-11T05:05:39 EST" duration-ms="131" status="PASS">
          <reporter-output>
          </reporter-output>
        </test-method> <!-- after -->
      </class> <!-- testLayer.BillPayTest -->
      <class name="testLayer.OpenNewAccTest">
        <test-method is-config="true" signature="initsetup()[pri:0, instance:testLayer.OpenNewAccTest@229c6181]" started-at="2023-01-11T05:01:00 EST" name="initsetup" finished-at="2023-01-11T05:01:02 EST" duration-ms="1745" status="PASS">
          <reporter-output>
          </reporter-output>
        </test-method> <!-- initsetup -->
[...]
at org.testng.Assert.failNotEquals(Assert.java:1037)
at org.testng.Assert.assertEqualsImpl(Assert.java:140)
at org.testng.Assert.assertEquals(Assert.java:122)
at org.testng.Assert.assertEquals(Assert.java:819)
at org.testng.Assert.assertEquals(Assert.java:829)
at testLayer.RegisterTest.Register_invalidSSn(RegisterTest.java:233)
at java.base/jdk.internal.reflect.NativeMethodAccessorImpl.invoke0(Native Method)
at java.base/jdk.internal.reflect.NativeMethodAccessorImpl.invoke(NativeMethodAccessorImpl.java:77)
at java.base/jdk.internal.reflect.DelegatingMethodAccessorImpl.invoke(DelegatingMethodAccessorImpl.java:43)
at java.base/java.lang.reflect.Method.invoke(Method.java:568)
at org.testng.internal.MethodInvocationHelper.invokeMethod(MethodInvocationHelper.java:133)
at org.testng.internal.TestInvoker.invokeMethod(TestInvoker.java:598)
at org.testng.internal.TestInvoker.invokeTestMethod(TestInvoker.java:173)
at org.testng.internal.MethodRunner.runInSequence(MethodRunner.java:46)
at org.testng.internal.TestInvoker$MethodInvocationAgent.invoke(TestInvoker.java:824)
at org.testng.internal.TestInvoker.invokeTestMethods(TestInvoker.java:146)
at org.testng.internal.TestMethodWorker.invokeTestMethods(TestMethodWorker.java:146)
at org.testng.internal.TestMethodWorker.run(TestMethodWorker.java:128)
at java.base/java.util.ArrayList.forEach(ArrayList.java:1511)
at org.testng.TestRunner.privateRun(TestRunner.java:794)
at org.testng.TestRunner.run(TestRunner.java:596)
at org.testng.SuiteRunner.runTest(SuiteRunner.java:377)
at org.testng.SuiteRunner.access$000(SuiteRunner.java:28)
at org.testng.SuiteRunner$SuiteWorker.run(SuiteRunner.java:418)
at org.testng.internal.thread.ThreadUtil.lambda$execute$0(ThreadUtil.java:64)
at java.base/java.util.concurrent.FutureTask.run(FutureTask.java:264)
at java.base/java.util.concurrent.ThreadPoolExecutor.runWorker(ThreadPoolExecutor.java:1136)
at java.base/java.util.concurrent.ThreadPoolExecutor$Worker.run(ThreadPoolExecutor.java:635)
at java.base/java.lang.Thread.run(Thread.java:833)
]]>
            </full-stacktrace>
          </exception> <!-- java.lang.AssertionError -->
          <reporter-output>
          </reporter-output>
        </test-method> <!-- Register_invalidSSn -->
        <test-method is-config="true" signature="close()[pri:0, instance:testLayer.RegisterTest@3cebbb30]" started-at="2023-01-11T05:06:21 EST" name="close" finished-at="2023-01-11T05:06:21 EST" duration-ms="135" status="PASS">
          <reporter-output>
          </reporter-output>
        </test-method> <!-- close -->
        <test-method is-config="true" signature="initsetup()[pri:0, instance:testLayer.RegisterTest@3cebbb30]" started-at="2023-01-11T05:06:21 EST" name="initsetup" finished-at="2023-01-11T05:06:23 EST" duration-ms="1720" status="PASS">
          <reporter-output>
          </reporter-output>
        </test-method> <!-- initsetup -->
        <test-method signature="Register_invalidSSn(java.lang.String,java.lang.String,java.lang.String,java.lang.String,java.lang.String,java.lang.String,java.lang.String,java.lang.String,java.lang.String,java.lang.String,java.lang.String)[pri:8, instance:testLayer.RegisterTest@3cebbb30]" started-at="2023-01-11T05:06:23 EST" name="Register_invalidSSn" data-provider="RegSSN" finished-at="2023-01-11T05:06:28 EST" duration-ms="5055" status="FAIL">
          <params>
            <param index="0">
              <value>
                <![CDATA[tom]]>
              </value>
            </param>
            <param index="1">
              <value>
                <![CDATA[tom]]>
              </value>
            </param>
            <param index="2">
              <value>
                <![CDATA[tom]]>
              </value>
            </param>
            <param index="3">
              <value>
                <![CDATA[tom]]>
              </value>
            </param>
            <param index="4">
              <value>
                <![CDATA[tom]]>
              </value>
            </param>
            <param index="5">
              <value>
                <![CDATA[123456.0]]>
              </value>
            </param>
            <param index="6">
              <value>
                <![CDATA[1.2345678901E10]]>
              </value>
            </param>
            <param index="7">
              <value>
                <![CDATA[124 456 789 0]]>
              </value>
            </param>
            <param index="8">
              <value>
                <![CDATA[USER]]>
              </value>
            </param>
            <param index="9">
              <value>
                <![CDATA[pass1234]]>
              </value>
            </param>
            <param index="10">
              <value>
                <![CDATA[pass1234]]>
              </value>
            </param>
          </params>
          <exception class="java.lang.AssertionError">
            <message>
              <![CDATA[expected [true] but found [false]]]>
            </message>
            <full-stacktrace>
              <![CDATA[java.lang.AssertionError: expected [true] but found [false]
at org.testng.Assert.fail(Assert.java:99)
at org.testng.Assert.failNotEquals(Assert.java:1037)
at org.testng.Assert.assertEqualsImpl(Assert.java:140)
at org.testng.Assert.assertEquals(Assert.java:122)
at org.testng.Assert.assertEquals(Assert.java:819)
at org.testng.Assert.assertEquals(Assert.java:829)
at testLayer.RegisterTest.Register_invalidSSn(RegisterTest.java:233)
at java.base/jdk.internal.reflect.NativeMethodAccessorImpl.invoke0(Native Method)
at java.base/jdk.internal.reflect.NativeMethodAccessorImpl.invoke(NativeMethodAccessorImpl.java:77)
at java.base/jdk.internal.reflect.DelegatingMethodAccessorImpl.invoke(DelegatingMethodAccessorImpl.java:43)
at java.base/java.lang.reflect.Method.invoke(Method.java:568)
at org.testng.internal.MethodInvocationHelper.invokeMethod(MethodInvocationHelper.java:133)
at org.testng.internal.TestInvoker.invokeMethod(TestInvoker.java:598)
at org.testng.internal.TestInvoker.invokeTestMethod(TestInvoker.java:173)
at org.testng.internal.MethodRunner.runInSequence(MethodRunner.java:46)
at org.testng.internal.TestInvoker$MethodInvocationAgent.invoke(TestInvoker.java:824)
at org.testng.internal.TestInvoker.invokeTestMethods(TestInvoker.java:146)
at org.testng.internal.TestMethodWorker.invokeTestMethods(TestMethodWorker.java:146)
at org.testng.internal.TestMethodWorker.run(TestMethodWorker.java:128)
at java.base/java.util.ArrayList.forEach(ArrayList.java:1511)
at org.testng.TestRunner.privateRun(TestRunner.java:794)
at org.testng.TestRunner.run(TestRunner.java:596)
at org.testng.SuiteRunner.runTest(SuiteRunner.java:377)
at org.testng.SuiteRunner.access$000(SuiteRunner.java:28)
at org.testng.SuiteRunner$SuiteWorker.run(SuiteRunner.java:418)
at org.testng.internal.thread.ThreadUtil.lambda$execute$0(ThreadUtil.java:64)
at java.base/java.util.concurrent.FutureTask.run(FutureTask.java:264)
at java.base/java.util.concurrent.ThreadPoolExecutor.runWorker(ThreadPoolExecutor.java:1136)
at java.base/java.util.concurrent.ThreadPoolExecutor$Worker.run(ThreadPoolExecutor.java:635)
at java.base/java.lang.Thread.run(Thread.java:833)
]]>
            </full-stacktrace>
          </exception> <!-- java.lang.AssertionError -->
          <reporter-output>
          </reporter-output>
        </test-method> <!-- Register_invalidSSn -->
        <test-method is-config="true" signature="close()[pri:0, instance:testLayer.RegisterTest@3cebbb30]" started-at="2023-01-11T05:06:28 EST" name="close" finished-at="2023-01-11T05:06:28 EST" duration-ms="144" status="PASS">
          <reporter-output>
          </reporter-output>
        </test-method> <!-- close -->
        <test-method is-config="true" signature="initsetup()[pri:0, instance:testLayer.RegisterTest@3cebbb30]" started-at="2023-01-11T05:06:28 EST" name="initsetup" finished-at="2023-01-11T05:06:30 EST" duration-ms="1677" status="PASS">
          <reporter-output>
          </reporter-output>
        </test-method> <!-- initsetup -->
        <test-method signature="Register_invalidSSn(java.lang.String,java.lang.String,java.lang.String,java.lang.String,java.lang.String,java.lang.String,java.lang.String,java.lang.String,java.lang.String,java.lang.String,java.lang.String)[pri:8, instance:testLayer.RegisterTest@3cebbb30]" started-at="2023-01-11T05:06:30 EST" name="Register_invalidSSn" data-provider="RegSSN" finished-at="2023-01-11T05:06:35 EST" duration-ms="5008" status="FAIL">
          <params>
            <param index="0">
              <value>
                <![CDATA[tomTOM]]>
              </value>
            </param>
            <param index="1">
              <value>
                <![CDATA[TOM]]>
              </value>
            </param>
            <param index="2">
              <value>
                <![CDATA[tom]]>
              </value>
            </param>
            <param index="3">
              <value>
                <![CDATA[tom]]>
              </value>
            </param>
            <param index="4">
              <value>
                <![CDATA[tom]]>
              </value>
            </param>
            <param index="5">
              <value>
                <![CDATA[123456.0]]>
              </value>
            </param>
            <param index="6">
              <value>
                <![CDATA[1.23456789E9]]>
              </value>
            </param>
            <param index="7">
              <value>
                <![CDATA[1.23456789E8]]>
              </value>
            </param>
            <param index="8">
              <value>
                <![CDATA[USER]]>
              </value>
            </param>
            <param index="9">
              <value>
                <![CDATA[pass1234]]>
              </value>
            </param>
            <param index="10">
              <value>
                <![CDATA[pass1234]]>
              </value>
            </param>
          </params>
          <exception class="java.lang.AssertionError">
            <message>
              <![CDATA[expected [true] but found [false]]]>
            </message>
            <full-stacktrace>
              <![CDATA[java.lang.AssertionError: expected [true] but found [false]
at org.testng.Assert.fail(Assert.java:99)
at org.testng.Assert.failNotEquals(Assert.java:1037)
at org.testng.Assert.assertEqualsImpl(Assert.java:140)
at org.testng.Assert.assertEquals(Assert.java:122)
at org.testng.Assert.assertEquals(Assert.java:819)
at org.testng.Assert.assertEquals(Assert.java:829)
at testLayer.RegisterTest.Register_invalidSSn(RegisterTest.java:233)
at java.base/jdk.internal.reflect.NativeMethodAccessorImpl.invoke0(Native Method)
at java.base/jdk.internal.reflect.NativeMethodAccessorImpl.invoke(NativeMethodAccessorImpl.java:77)
at java.base/jdk.internal.reflect.DelegatingMethodAccessorImpl.invoke(DelegatingMethodAccessorImpl.java:43)
at java.base/java.lang.reflect.Method.invoke(Method.java:568)
at org.testng.internal.MethodInvocationHelper.invokeMethod(MethodInvocationHelper.java:133)
at org.testng.internal.TestInvoker.invokeMethod(TestInvoker.java:598)
at org.testng.internal.TestInvoker.invokeTestMethod(TestInvoker.java:173)
at org.testng.internal.MethodRunner.runInSequence(MethodRunner.java:46)
at org.testng.internal.TestInvoker$MethodInvocationAgent.invoke(TestInvoker.java:824)
at org.testng.internal.TestInvoker.invokeTestMethods(TestInvoker.java:146)
at org.testng.internal.TestMethodWorker.invokeTestMethods(TestMethodWorker.java:146)
at org.testng.internal.TestMethodWorker.run(TestMethodWorker.java:128)
at java.base/java.util.ArrayList.forEach(ArrayList.java:1511)
at org.testng.TestRunner.privateRun(TestRunner.java:794)
at org.testng.TestRunner.run(TestRunner.java:596)
at org.testng.SuiteRunner.runTest(SuiteRunner.java:377)
at org.testng.SuiteRunner.access$000(SuiteRunner.java:28)
at org.testng.SuiteRunner$SuiteWorker.run(SuiteRunner.java:418)
at org.testng.internal.thread.ThreadUtil.lambda$execute$0(ThreadUtil.java:64)
at java.base/java.util.concurrent.FutureTask.run(FutureTask.java:264)
at java.base/java.util.concurrent.ThreadPoolExecutor.runWorker(ThreadPoolExecutor.java:1136)
at java.base/java.util.concurrent.ThreadPoolExecutor$Worker.run(ThreadPoolExecutor.java:635)
at java.base/java.lang.Thread.run(Thread.java:833)
]]>
            </full-stacktrace>
          </exception> <!-- java.lang.AssertionError -->
          <reporter-output>
          </reporter-output>
        </test-method> <!-- Register_invalidSSn -->
        <test-method is-config="true" signature="close()[pri:0, instance:testLayer.RegisterTest@3cebbb30]" started-at="2023-01-11T05:06:35 EST" name="close" finished-at="2023-01-11T05:06:35 EST" duration-ms="102" status="PASS">
          <reporter-output>
          </reporter-output>
        </test-method> <!-- close -->
        <test-method is-config="true" signature="initsetup()[pri:0, instance:testLayer.RegisterTest@3cebbb30]" started-at="2023-01-11T05:06:35 EST" name="initsetup" finished-at="2023-01-11T05:06:36 EST" duration-ms="1737" status="PASS">
          <reporter-output>
          </reporter-output>
        </test-method> <!-- initsetup -->
        <test-method signature="Register_invalidConfirmpass(java.lang.String,java.lang.String,java.lang.String,java.lang.String,java.lang.String,java.lang.String,java.lang.String,java.lang.String,java.lang.String,java.lang.String,java.lang.String)[pri:9, instance:testLayer.RegisterTest@3cebbb30]" started-at="2023-01-11T05:06:36 EST" name="Register_invalidConfirmpass" data-provider="RegConfirmP" finished-at="2023-01-11T05:06:44 EST" duration-ms="7083" status="PASS">
          <params>
            <param index="0">
              <value>
                <![CDATA[tom]]>
              </value>
            </param>
            <param index="1">
              <value>
                <![CDATA[tom]]>
              </value>
            </param>
            <param index="2">
              <value>
                <![CDATA[tom]]>
              </value>
            </param>
            <param index="3">
              <value>
                <![CDATA[tom]]>
              </value>
            </param>
            <param index="4">
              <value>
                <![CDATA[tom]]>
              </value>
            </param>
            <param index="5">
              <value>
                <![CDATA[123456.0]]>
              </value>
            </param>
            <param index="6">
              <value>
                <![CDATA[1.23456789E9]]>
              </value>
            </param>
            <param index="7">
              <value>
                <![CDATA[123 456 789]]>
              </value>
            </param>
            <param index="8">
              <value>
                <![CDATA[user]]>
              </value>
            </param>
            <param index="9">
              <value>
                <![CDATA[pass1234]]>
              </value>
            </param>
            <param index="10">
              <value>
                <![CDATA[pass]]>
              </value>
            </param>
          </params>
          <reporter-output>
          </reporter-output>
        </test-method> <!-- Register_invalidConfirmpass -->
        <test-method is-config="true" signature="close()[pri:0, instance:testLayer.RegisterTest@3cebbb30]" started-at="2023-01-11T05:06:44 EST" name="close" finished-at="2023-01-11T05:06:44 EST" duration-ms="152" status="PASS">
          <reporter-output>
          </reporter-output>
        </test-method> <!-- close -->
      </class> <!-- testLayer.RegisterTest -->
      <class name="testLayer.FindTransactionsTest">
        <test-method is-config="true" signature="initsetup()[pri:0, instance:testLayer.FindTransactionsTest@791f145a]" started-at="2023-01-11T05:02:29 EST" name="initsetup" finished-at="2023-01-11T05:02:31 EST" duration-ms="1758" status="PASS">
          <reporter-output>
          </reporter-output>
        </test-method> <!-- initsetup -->
        <test-method signature="FindTransactions_ID()[pri:1, instance:testLayer.FindTransactionsTest@791f145a]" started-at="2023-01-11T05:02:31 EST" name="FindTransactions_ID" finished-at="2023-01-11T05:02:37 EST" duration-ms="6357" status="PASS">
          <reporter-output>
          </reporter-output>
        </test-method> <!-- FindTransactions_ID -->
        <test-method is-config="true" signature="after()[pri:0, instance:testLayer.FindTransactionsTest@791f145a]" started-at="2023-01-11T05:02:37 EST" name="after" finished-at="2023-01-11T05:02:37 EST" duration-ms="209" status="PASS">
          <reporter-output>
          </reporter-output>
        </test-method> <!-- after -->
        <test-method is-config="true" signature="initsetup()[pri:0, instance:testLayer.FindTransactionsTest@791f145a]" started-at="2023-01-11T05:03:16 EST" name="initsetup" finished-at="2023-01-11T05:03:18 EST" duration-ms="1834" status="PASS">
          <reporter-output>
          </reporter-output>
        </test-method> <!-- initsetup -->
        <test-method signature="FindTransactions_Date()[pri:2, instance:testLayer.FindTransactionsTest@791f145a]" started-at="2023-01-11T05:03:18 EST" name="FindTransactions_Date" finished-at="2023-01-11T05:03:24 EST" duration-ms="6136" status="PASS">
          <reporter-output>
          </reporter-output>
        </test-method> <!-- FindTransactions_Date -->
        <test-method is-config="true" signature="after()[pri:0, instance:testLayer.FindTransactionsTest@791f145a]" started-at="2023-01-11T05:03:24 EST" name="after" finished-at="2023-01-11T05:03:24 EST" duration-ms="190" status="PASS">
          <reporter-output>
          </reporter-output>
        </test-method> <!-- after -->
        <test-method is-config="true" signature="initsetup()[pri:0, instance:testLayer.FindTransactionsTest@791f145a]" started-at="2023-01-11T05:04:02 EST" name="initsetup" finished-at="2023-01-11T05:04:04 EST" duration-ms="1961" status="PASS">
          <reporter-output>
          </reporter-output>
        </test-method> <!-- initsetup -->
        <test-method signature="FindTransactions_Daterange()[pri:3, instance:testLayer.FindTransactionsTest@791f145a]" started-at="2023-01-11T05:04:04 EST" name="FindTransactions_Daterange" finished-at="2023-01-11T05:04:10 EST" duration-ms="5481" status="PASS">
          <reporter-output>
          </reporter-output>
        </test-method> <!-- FindTransactions_Daterange -->
        <test-method is-config="true" signature="after()[pri:0, instance:testLayer.FindTransactionsTest@791f145a]" started-at="2023-01-11T05:04:10 EST" name="after" finished-at="2023-01-11T05:04:10 EST" duration-ms="169" status="PASS">
          <reporter-output>
          </reporter-output>
        </test-method> <!-- after -->
        <test-method is-config="true" signature="initsetup()[pri:0, instance:testLayer.FindTransactionsTest@791f145a]" started-at="2023-01-11T05:04:44 EST" name="initsetup" finished-at="2023-01-11T05:04:46 EST" duration-ms="1890" status="PASS">
          <reporter-output>
          </reporter-output>
        </test-method> <!-- initsetup -->
        <test-method signature="FindTransactions_Amount()[pri:4, instance:testLayer.FindTransactionsTest@791f145a]" started-at="2023-01-11T05:04:46 EST" name="FindTransactions_Amount" finished-at="2023-01-11T05:04:52 EST" duration-ms="5378" status="PASS">
          <reporter-output>
          </reporter-output>
        </test-method> <!-- FindTransactions_Amount -->
        <test-method is-config="true" signature="after()[pri:0, instance:testLayer.FindTransactionsTest@791f145a]" started-at="2023-01-11T05:04:52 EST" name="after" finished-at="2023-01-11T05:04:52 EST" duration-ms="189" status="PASS">
          <reporter-output>
          </reporter-output>
        </test-method> <!-- after -->
      </class> <!-- testLayer.FindTransactionsTest -->
    </test> <!-- Test1 -->
  </suite> <!-- BankingDomain -->
</testng-results>
